app-passenger/build/intermediates/manifest_merge_blame_file/debug/processDebugMainManifest/manifest-merger-blame-debug-report.txt
1<?xml version="1.0" encoding="utf-8"?>
2<manifest xmlns:android="http://schemas.android.com/apk/res/android"
3    package="com.piatmove.passenger"
4    android:versionCode="1"
5    android:versionName="1.0" >
6
7    <uses-sdk
7-->INJECTED
8        android:minSdkVersion="24"
8-->INJECTED
9        android:targetSdkVersion="37" />
9-->INJECTED
10
11    <uses-permission android:name="android.permission.INTERNET" />
11-->src\main\AndroidManifest.xml:4:5-67
11-->src\main\AndroidManifest.xml:4:22-64
12    <uses-permission android:name="android.permission.ACCESS_FINE_LOCATION" />
12-->src\main\AndroidManifest.xml:5:5-79
12-->src\main\AndroidManifest.xml:5:22-76
13    <uses-permission android:name="android.permission.ACCESS_COARSE_LOCATION" />
13-->src\main\AndroidManifest.xml:6:5-81
13-->src\main\AndroidManifest.xml:6:22-78
14    <uses-permission android:name="android.permission.POST_NOTIFICATIONS" />
14-->src\main\AndroidManifest.xml:7:5-77
14-->src\main\AndroidManifest.xml:7:22-74
15    <!-- Include required permissions for Google Maps API to run. -->
16    <uses-permission android:name="android.permission.ACCESS_NETWORK_STATE" />
16-->[com.google.android.gms:play-services-maps:19.1.0] AndroidManifest.xml:20:5-78
16-->[com.google.android.gms:play-services-maps:19.1.0] AndroidManifest.xml:20:22-76
17
18    <uses-feature
18-->[com.google.android.gms:play-services-maps:19.1.0] AndroidManifest.xml:22:5-24:33
19        android:glEsVersion="0x00020000"
19-->[com.google.android.gms:play-services-maps:19.1.0] AndroidManifest.xml:23:8-40
20        android:required="true" />
20-->[com.google.android.gms:play-services-maps:19.1.0] AndroidManifest.xml:24:8-31
21
22    <queries>
22-->[com.google.android.gms:play-services-maps:19.1.0] AndroidManifest.xml:27:5-30:15
23
24        <!-- Needs to be explicitly declared on Android R+ -->
25        <package android:name="com.google.android.apps.maps" />
25-->[com.google.android.gms:play-services-maps:19.1.0] AndroidManifest.xml:29:7-61
25-->[com.google.android.gms:play-services-maps:19.1.0] AndroidManifest.xml:29:16-59
26    </queries>
27
28    <uses-permission android:name="android.permission.WAKE_LOCK" /> <!-- Required by older versions of Google Play services to create IID tokens -->
28-->[com.google.firebase:firebase-messaging:24.1.0] AndroidManifest.xml:24:5-68
28-->[com.google.firebase:firebase-messaging:24.1.0] AndroidManifest.xml:24:22-65
29    <uses-permission android:name="com.google.android.c2dm.permission.RECEIVE" />
29-->[com.google.firebase:firebase-messaging:24.1.0] AndroidManifest.xml:26:5-82
29-->[com.google.firebase:firebase-messaging:24.1.0] AndroidManifest.xml:26:22-79
30
31    <permission
31-->[androidx.core:core:1.19.0] AndroidManifest.xml:22:5-24:47
32        android:name="com.piatmove.passenger.DYNAMIC_RECEIVER_NOT_EXPORTED_PERMISSION"
32-->[androidx.core:core:1.19.0] AndroidManifest.xml:23:9-81
33        android:protectionLevel="signature" />
33-->[androidx.core:core:1.19.0] AndroidManifest.xml:24:9-44
34
35    <uses-permission android:name="com.piatmove.passenger.DYNAMIC_RECEIVER_NOT_EXPORTED_PERMISSION" />
35-->[androidx.core:core:1.19.0] AndroidManifest.xml:26:5-97
35-->[androidx.core:core:1.19.0] AndroidManifest.xml:26:22-94
36
37    <application
37-->src\main\AndroidManifest.xml:9:5-55:19
38        android:name="com.piatmove.passenger.PassengerApplication"
38-->src\main\AndroidManifest.xml:10:9-45
39        android:allowBackup="true"
39-->src\main\AndroidManifest.xml:11:9-35
40        android:appComponentFactory="androidx.core.app.CoreComponentFactory"
40-->[androidx.core:core:1.19.0] AndroidManifest.xml:28:18-86
41        android:debuggable="true"
42        android:extractNativeLibs="false"
42-->INJECTED
43        android:icon="@mipmap/ic_launcher"
43-->src\main\AndroidManifest.xml:12:9-43
44        android:label="@string/app_name"
44-->src\main\AndroidManifest.xml:14:9-41
45        android:roundIcon="@mipmap/ic_launcher_round"
45-->src\main\AndroidManifest.xml:13:9-54
46        android:supportsRtl="true"
46-->src\main\AndroidManifest.xml:15:9-35
47        android:theme="@style/Theme.PiatMovePassenger"
47-->src\main\AndroidManifest.xml:16:9-55
48        android:usesCleartextTraffic="true" >
48-->src\main\AndroidManifest.xml:17:9-44
49
50        <!-- Auth -->
51        <activity
51-->src\main\AndroidManifest.xml:20:9-27:20
52            android:name="com.piatmove.passenger.ui.auth.LoginActivity"
52-->src\main\AndroidManifest.xml:21:13-50
53            android:exported="true" >
53-->src\main\AndroidManifest.xml:22:13-36
54            <intent-filter>
54-->src\main\AndroidManifest.xml:23:13-26:29
55                <action android:name="android.intent.action.MAIN" />
55-->src\main\AndroidManifest.xml:24:17-69
55-->src\main\AndroidManifest.xml:24:25-66
56
57                <category android:name="android.intent.category.LAUNCHER" />
57-->src\main\AndroidManifest.xml:25:17-77
57-->src\main\AndroidManifest.xml:25:27-74
58            </intent-filter>
59        </activity>
60        <activity
60-->src\main\AndroidManifest.xml:29:9-31:40
61            android:name="com.piatmove.passenger.ui.auth.RegisterActivity"
61-->src\main\AndroidManifest.xml:30:13-53
62            android:exported="false" />
62-->src\main\AndroidManifest.xml:31:13-37
63
64        <!-- Passenger screens -->
65        <activity
65-->src\main\AndroidManifest.xml:34:9-36:40
66            android:name="com.piatmove.passenger.ui.home.PassengerHomeActivity"
66-->src\main\AndroidManifest.xml:35:13-58
67            android:exported="false" />
67-->src\main\AndroidManifest.xml:36:13-37
68        <activity
68-->src\main\AndroidManifest.xml:38:9-40:40
69            android:name="com.piatmove.passenger.ui.booking.BookRideActivity"
69-->src\main\AndroidManifest.xml:39:13-56
70            android:exported="false" />
70-->src\main\AndroidManifest.xml:40:13-37
71        <activity
71-->src\main\AndroidManifest.xml:42:9-44:40
72            android:name="com.piatmove.passenger.ui.booking.RideStatusActivity"
72-->src\main\AndroidManifest.xml:43:13-58
73            android:exported="false" />
73-->src\main\AndroidManifest.xml:44:13-37
74
75        <!-- FCM Service from :core -->
76        <service
76-->src\main\AndroidManifest.xml:47:9-53:19
77            android:name="com.piatmove.core.services.PiatMoveFirebaseMessagingService"
77-->src\main\AndroidManifest.xml:48:13-87
78            android:exported="false" >
78-->src\main\AndroidManifest.xml:49:13-37
79            <intent-filter>
79-->src\main\AndroidManifest.xml:50:13-52:29
80                <action android:name="com.google.firebase.MESSAGING_EVENT" />
80-->src\main\AndroidManifest.xml:51:17-78
80-->src\main\AndroidManifest.xml:51:25-75
81            </intent-filter>
82        </service>
83
84        <provider
84-->[androidx.emoji2:emoji2:1.3.0] AndroidManifest.xml:24:9-32:20
85            android:name="androidx.startup.InitializationProvider"
85-->[androidx.emoji2:emoji2:1.3.0] AndroidManifest.xml:25:13-67
86            android:authorities="com.piatmove.passenger.androidx-startup"
86-->[androidx.emoji2:emoji2:1.3.0] AndroidManifest.xml:26:13-68
87            android:exported="false" >
87-->[androidx.emoji2:emoji2:1.3.0] AndroidManifest.xml:27:13-37
88            <meta-data
88-->[androidx.emoji2:emoji2:1.3.0] AndroidManifest.xml:29:13-31:52
89                android:name="androidx.emoji2.text.EmojiCompatInitializer"
89-->[androidx.emoji2:emoji2:1.3.0] AndroidManifest.xml:30:17-75
90                android:value="androidx.startup" />
90-->[androidx.emoji2:emoji2:1.3.0] AndroidManifest.xml:31:17-49
91            <meta-data
91-->[androidx.lifecycle:lifecycle-process:2.11.0] AndroidManifest.xml:29:13-31:52
92                android:name="androidx.lifecycle.ProcessLifecycleInitializer"
92-->[androidx.lifecycle:lifecycle-process:2.11.0] AndroidManifest.xml:30:17-78
93                android:value="androidx.startup" />
93-->[androidx.lifecycle:lifecycle-process:2.11.0] AndroidManifest.xml:31:17-49
94            <meta-data
94-->[androidx.profileinstaller:profileinstaller:1.4.0] AndroidManifest.xml:29:13-31:52
95                android:name="androidx.profileinstaller.ProfileInstallerInitializer"
95-->[androidx.profileinstaller:profileinstaller:1.4.0] AndroidManifest.xml:30:17-85
96                android:value="androidx.startup" />
96-->[androidx.profileinstaller:profileinstaller:1.4.0] AndroidManifest.xml:31:17-49
97        </provider> <!-- Needs to be explicitly declared on P+ -->
98        <uses-library
98-->[com.google.android.gms:play-services-maps:19.1.0] AndroidManifest.xml:33:7-86
99            android:name="org.apache.http.legacy"
99-->[com.google.android.gms:play-services-maps:19.1.0] AndroidManifest.xml:33:21-58
100            android:required="false" />
100-->[com.google.android.gms:play-services-maps:19.1.0] AndroidManifest.xml:33:59-83
101
102        <service
102-->[com.google.firebase:firebase-messaging-ktx:24.1.0] AndroidManifest.xml:23:9-29:19
103            android:name="com.google.firebase.components.ComponentDiscoveryService"
103-->[com.google.firebase:firebase-messaging-ktx:24.1.0] AndroidManifest.xml:24:13-84
104            android:directBootAware="true"
104-->[com.google.firebase:firebase-common:21.0.0] AndroidManifest.xml:32:13-43
105            android:exported="false" >
105-->[com.google.firebase:firebase-messaging-ktx:24.1.0] AndroidManifest.xml:25:13-37
106            <meta-data
106-->[com.google.firebase:firebase-messaging-ktx:24.1.0] AndroidManifest.xml:26:13-28:85
107                android:name="com.google.firebase.components:com.google.firebase.messaging.ktx.FirebaseMessagingLegacyRegistrar"
107-->[com.google.firebase:firebase-messaging-ktx:24.1.0] AndroidManifest.xml:27:17-129
108                android:value="com.google.firebase.components.ComponentRegistrar" />
108-->[com.google.firebase:firebase-messaging-ktx:24.1.0] AndroidManifest.xml:28:17-82
109            <meta-data
109-->[com.google.firebase:firebase-messaging:24.1.0] AndroidManifest.xml:57:13-59:85
110                android:name="com.google.firebase.components:com.google.firebase.messaging.FirebaseMessagingKtxRegistrar"
110-->[com.google.firebase:firebase-messaging:24.1.0] AndroidManifest.xml:58:17-122
111                android:value="com.google.firebase.components.ComponentRegistrar" />
111-->[com.google.firebase:firebase-messaging:24.1.0] AndroidManifest.xml:59:17-82
112            <meta-data
112-->[com.google.firebase:firebase-messaging:24.1.0] AndroidManifest.xml:60:13-62:85
113                android:name="com.google.firebase.components:com.google.firebase.messaging.FirebaseMessagingRegistrar"
113-->[com.google.firebase:firebase-messaging:24.1.0] AndroidManifest.xml:61:17-119
114                android:value="com.google.firebase.components.ComponentRegistrar" />
114-->[com.google.firebase:firebase-messaging:24.1.0] AndroidManifest.xml:62:17-82
115            <meta-data
115-->[com.google.firebase:firebase-installations:18.0.0] AndroidManifest.xml:15:13-17:85
116                android:name="com.google.firebase.components:com.google.firebase.installations.FirebaseInstallationsKtxRegistrar"
116-->[com.google.firebase:firebase-installations:18.0.0] AndroidManifest.xml:16:17-130
117                android:value="com.google.firebase.components.ComponentRegistrar" />
117-->[com.google.firebase:firebase-installations:18.0.0] AndroidManifest.xml:17:17-82
118            <meta-data
118-->[com.google.firebase:firebase-installations:18.0.0] AndroidManifest.xml:18:13-20:85
119                android:name="com.google.firebase.components:com.google.firebase.installations.FirebaseInstallationsRegistrar"
119-->[com.google.firebase:firebase-installations:18.0.0] AndroidManifest.xml:19:17-127
120                android:value="com.google.firebase.components.ComponentRegistrar" />
120-->[com.google.firebase:firebase-installations:18.0.0] AndroidManifest.xml:20:17-82
121            <meta-data
121-->[com.google.firebase:firebase-common-ktx:21.0.0] AndroidManifest.xml:12:13-14:85
122                android:name="com.google.firebase.components:com.google.firebase.ktx.FirebaseCommonLegacyRegistrar"
122-->[com.google.firebase:firebase-common-ktx:21.0.0] AndroidManifest.xml:13:17-116
123                android:value="com.google.firebase.components.ComponentRegistrar" />
123-->[com.google.firebase:firebase-common-ktx:21.0.0] AndroidManifest.xml:14:17-82
124            <meta-data
124-->[com.google.firebase:firebase-common:21.0.0] AndroidManifest.xml:35:13-37:85
125                android:name="com.google.firebase.components:com.google.firebase.FirebaseCommonKtxRegistrar"
125-->[com.google.firebase:firebase-common:21.0.0] AndroidManifest.xml:36:17-109
126                android:value="com.google.firebase.components.ComponentRegistrar" />
126-->[com.google.firebase:firebase-common:21.0.0] AndroidManifest.xml:37:17-82
127            <meta-data
127-->[com.google.firebase:firebase-datatransport:18.2.0] AndroidManifest.xml:25:13-27:85
128                android:name="com.google.firebase.components:com.google.firebase.datatransport.TransportRegistrar"
128-->[com.google.firebase:firebase-datatransport:18.2.0] AndroidManifest.xml:26:17-115
129                android:value="com.google.firebase.components.ComponentRegistrar" />
129-->[com.google.firebase:firebase-datatransport:18.2.0] AndroidManifest.xml:27:17-82
130        </service>
131
132        <receiver
132-->[com.google.firebase:firebase-messaging:24.1.0] AndroidManifest.xml:29:9-40:20
133            android:name="com.google.firebase.iid.FirebaseInstanceIdReceiver"
133-->[com.google.firebase:firebase-messaging:24.1.0] AndroidManifest.xml:30:13-78
134            android:exported="true"
134-->[com.google.firebase:firebase-messaging:24.1.0] AndroidManifest.xml:31:13-36
135            android:permission="com.google.android.c2dm.permission.SEND" >
135-->[com.google.firebase:firebase-messaging:24.1.0] AndroidManifest.xml:32:13-73
136            <intent-filter>
136-->[com.google.firebase:firebase-messaging:24.1.0] AndroidManifest.xml:33:13-35:29
137                <action android:name="com.google.android.c2dm.intent.RECEIVE" />
137-->[com.google.firebase:firebase-messaging:24.1.0] AndroidManifest.xml:34:17-81
137-->[com.google.firebase:firebase-messaging:24.1.0] AndroidManifest.xml:34:25-78
138            </intent-filter>
139
140            <meta-data
140-->[com.google.firebase:firebase-messaging:24.1.0] AndroidManifest.xml:37:13-39:40
141                android:name="com.google.android.gms.cloudmessaging.FINISHED_AFTER_HANDLED"
141-->[com.google.firebase:firebase-messaging:24.1.0] AndroidManifest.xml:38:17-92
142                android:value="true" />
142-->[com.google.firebase:firebase-messaging:24.1.0] AndroidManifest.xml:39:17-37
143        </receiver>
144        <!--
145             FirebaseMessagingService performs security checks at runtime,
146             but set to not exported to explicitly avoid allowing another app to call it.
147        -->
148        <service
148-->[com.google.firebase:firebase-messaging:24.1.0] AndroidManifest.xml:46:9-53:19
149            android:name="com.google.firebase.messaging.FirebaseMessagingService"
149-->[com.google.firebase:firebase-messaging:24.1.0] AndroidManifest.xml:47:13-82
150            android:directBootAware="true"
150-->[com.google.firebase:firebase-messaging:24.1.0] AndroidManifest.xml:48:13-43
151            android:exported="false" >
151-->[com.google.firebase:firebase-messaging:24.1.0] AndroidManifest.xml:49:13-37
152            <intent-filter android:priority="-500" >
152-->src\main\AndroidManifest.xml:50:13-52:29
153                <action android:name="com.google.firebase.MESSAGING_EVENT" />
153-->src\main\AndroidManifest.xml:51:17-78
153-->src\main\AndroidManifest.xml:51:25-75
154            </intent-filter>
155        </service>
156
157        <activity
157-->[com.google.android.gms:play-services-base:18.5.0] AndroidManifest.xml:5:9-173
158            android:name="com.google.android.gms.common.api.GoogleApiActivity"
158-->[com.google.android.gms:play-services-base:18.5.0] AndroidManifest.xml:5:19-85
159            android:exported="false"
159-->[com.google.android.gms:play-services-base:18.5.0] AndroidManifest.xml:5:146-170
160            android:theme="@android:style/Theme.Translucent.NoTitleBar" />
160-->[com.google.android.gms:play-services-base:18.5.0] AndroidManifest.xml:5:86-145
161
162        <provider
162-->[com.google.firebase:firebase-common:21.0.0] AndroidManifest.xml:23:9-28:39
163            android:name="com.google.firebase.provider.FirebaseInitProvider"
163-->[com.google.firebase:firebase-common:21.0.0] AndroidManifest.xml:24:13-77
164            android:authorities="com.piatmove.passenger.firebaseinitprovider"
164-->[com.google.firebase:firebase-common:21.0.0] AndroidManifest.xml:25:13-72
165            android:directBootAware="true"
165-->[com.google.firebase:firebase-common:21.0.0] AndroidManifest.xml:26:13-43
166            android:exported="false"
166-->[com.google.firebase:firebase-common:21.0.0] AndroidManifest.xml:27:13-37
167            android:initOrder="100" />
167-->[com.google.firebase:firebase-common:21.0.0] AndroidManifest.xml:28:13-36
168
169        <meta-data
169-->[com.google.android.gms:play-services-basement:18.4.0] AndroidManifest.xml:6:9-122
170            android:name="com.google.android.gms.version"
170-->[com.google.android.gms:play-services-basement:18.4.0] AndroidManifest.xml:6:20-65
171            android:value="@integer/google_play_services_version" />
171-->[com.google.android.gms:play-services-basement:18.4.0] AndroidManifest.xml:6:66-119
172
173        <receiver
173-->[androidx.profileinstaller:profileinstaller:1.4.0] AndroidManifest.xml:34:9-52:20
174            android:name="androidx.profileinstaller.ProfileInstallReceiver"
174-->[androidx.profileinstaller:profileinstaller:1.4.0] AndroidManifest.xml:35:13-76
175            android:directBootAware="false"
175-->[androidx.profileinstaller:profileinstaller:1.4.0] AndroidManifest.xml:36:13-44
176            android:enabled="true"
176-->[androidx.profileinstaller:profileinstaller:1.4.0] AndroidManifest.xml:37:13-35
177            android:exported="true"
177-->[androidx.profileinstaller:profileinstaller:1.4.0] AndroidManifest.xml:38:13-36
178            android:permission="android.permission.DUMP" >
178-->[androidx.profileinstaller:profileinstaller:1.4.0] AndroidManifest.xml:39:13-57
179            <intent-filter>
179-->[androidx.profileinstaller:profileinstaller:1.4.0] AndroidManifest.xml:40:13-42:29
180                <action android:name="androidx.profileinstaller.action.INSTALL_PROFILE" />
180-->[androidx.profileinstaller:profileinstaller:1.4.0] AndroidManifest.xml:41:17-91
180-->[androidx.profileinstaller:profileinstaller:1.4.0] AndroidManifest.xml:41:25-88
181            </intent-filter>
182            <intent-filter>
182-->[androidx.profileinstaller:profileinstaller:1.4.0] AndroidManifest.xml:43:13-45:29
183                <action android:name="androidx.profileinstaller.action.SKIP_FILE" />
183-->[androidx.profileinstaller:profileinstaller:1.4.0] AndroidManifest.xml:44:17-85
183-->[androidx.profileinstaller:profileinstaller:1.4.0] AndroidManifest.xml:44:25-82
184            </intent-filter>
185            <intent-filter>
185-->[androidx.profileinstaller:profileinstaller:1.4.0] AndroidManifest.xml:46:13-48:29
186                <action android:name="androidx.profileinstaller.action.SAVE_PROFILE" />
186-->[androidx.profileinstaller:profileinstaller:1.4.0] AndroidManifest.xml:47:17-88
186-->[androidx.profileinstaller:profileinstaller:1.4.0] AndroidManifest.xml:47:25-85
187            </intent-filter>
188            <intent-filter>
188-->[androidx.profileinstaller:profileinstaller:1.4.0] AndroidManifest.xml:49:13-51:29
189                <action android:name="androidx.profileinstaller.action.BENCHMARK_OPERATION" />
189-->[androidx.profileinstaller:profileinstaller:1.4.0] AndroidManifest.xml:50:17-95
189-->[androidx.profileinstaller:profileinstaller:1.4.0] AndroidManifest.xml:50:25-92
190            </intent-filter>
191        </receiver>
192
193        <service
193-->[com.google.android.datatransport:transport-backend-cct:3.1.9] AndroidManifest.xml:28:9-34:19
194            android:name="com.google.android.datatransport.runtime.backends.TransportBackendDiscovery"
194-->[com.google.android.datatransport:transport-backend-cct:3.1.9] AndroidManifest.xml:29:13-103
195            android:exported="false" >
195-->[com.google.android.datatransport:transport-backend-cct:3.1.9] AndroidManifest.xml:30:13-37
196            <meta-data
196-->[com.google.android.datatransport:transport-backend-cct:3.1.9] AndroidManifest.xml:31:13-33:39
197                android:name="backend:com.google.android.datatransport.cct.CctBackendFactory"
197-->[com.google.android.datatransport:transport-backend-cct:3.1.9] AndroidManifest.xml:32:17-94
198                android:value="cct" />
198-->[com.google.android.datatransport:transport-backend-cct:3.1.9] AndroidManifest.xml:33:17-36
199        </service>
200        <service
200-->[com.google.android.datatransport:transport-runtime:3.1.9] AndroidManifest.xml:26:9-30:19
201            android:name="com.google.android.datatransport.runtime.scheduling.jobscheduling.JobInfoSchedulerService"
201-->[com.google.android.datatransport:transport-runtime:3.1.9] AndroidManifest.xml:27:13-117
202            android:exported="false"
202-->[com.google.android.datatransport:transport-runtime:3.1.9] AndroidManifest.xml:28:13-37
203            android:permission="android.permission.BIND_JOB_SERVICE" >
203-->[com.google.android.datatransport:transport-runtime:3.1.9] AndroidManifest.xml:29:13-69
204        </service>
205
206        <receiver
206-->[com.google.android.datatransport:transport-runtime:3.1.9] AndroidManifest.xml:32:9-34:40
207            android:name="com.google.android.datatransport.runtime.scheduling.jobscheduling.AlarmManagerSchedulerBroadcastReceiver"
207-->[com.google.android.datatransport:transport-runtime:3.1.9] AndroidManifest.xml:33:13-132
208            android:exported="false" />
208-->[com.google.android.datatransport:transport-runtime:3.1.9] AndroidManifest.xml:34:13-37
209    </application>
210
211</manifest>